C:\Users\xiemengdi\Documents\Visual Studio 2010\Projects\input\Debug\input.pdb
C:\Users\xiemengdi\Documents\Visual Studio 2010\Projects\input\input\Debug\cl.command.1.tlog
C:\Users\xiemengdi\Documents\Visual Studio 2010\Projects\input\input\Debug\CL.read.1.tlog
C:\Users\xiemengdi\Documents\Visual Studio 2010\Projects\input\input\Debug\CL.write.1.tlog
C:\USERS\XIEMENGDI\DOCUMENTS\VISUAL STUDIO 2010\PROJECTS\INPUT\INPUT\DEBUG\I_2U.OBJ
C:\USERS\XIEMENGDI\DOCUMENTS\VISUAL STUDIO 2010\PROJECTS\INPUT\INPUT\DEBUG\INPUT.EXE.EMBED.MANIFEST
C:\USERS\XIEMENGDI\DOCUMENTS\VISUAL STUDIO 2010\PROJECTS\INPUT\INPUT\DEBUG\INPUT.EXE.EMBED.MANIFEST.RES
C:\Users\xiemengdi\Documents\Visual Studio 2010\Projects\input\input\Debug\input.exe.intermediate.manifest
C:\USERS\XIEMENGDI\DOCUMENTS\VISUAL STUDIO 2010\PROJECTS\INPUT\INPUT\DEBUG\INPUT.OBJ
C:\USERS\XIEMENGDI\DOCUMENTS\VISUAL STUDIO 2010\PROJECTS\INPUT\INPUT\DEBUG\INPUT.PCH
C:\USERS\XIEMENGDI\DOCUMENTS\VISUAL STUDIO 2010\PROJECTS\INPUT\INPUT\DEBUG\INPUT.RES
C:\Users\xiemengdi\Documents\Visual Studio 2010\Projects\input\input\Debug\input.vcxprojResolveAssemblyReference.cache
C:\Users\xiemengdi\Documents\Visual Studio 2010\Projects\input\input\Debug\input.write.1.tlog
C:\Users\xiemengdi\Documents\Visual Studio 2010\Projects\input\input\Debug\input_manifest.rc
C:\USERS\XIEMENGDI\DOCUMENTS\VISUAL STUDIO 2010\PROJECTS\INPUT\INPUT\DEBUG\INPUTDLG.OBJ
C:\Users\xiemengdi\Documents\Visual Studio 2010\Projects\input\input\Debug\link.18312.read.1.tlog
C:\Users\xiemengdi\Documents\Visual Studio 2010\Projects\input\input\Debug\link.18312.write.1.tlog
C:\Users\xiemengdi\Documents\Visual Studio 2010\Projects\input\input\Debug\link.command.1.tlog
C:\Users\xiemengdi\Documents\Visual Studio 2010\Projects\input\input\Debug\link.read.1.tlog
C:\Users\xiemengdi\Documents\Visual Studio 2010\Projects\input\input\Debug\link.write.1.tlog
C:\Users\xiemengdi\Documents\Visual Studio 2010\Projects\input\input\Debug\link-cvtres.read.1.tlog
C:\Users\xiemengdi\Documents\Visual Studio 2010\Projects\input\input\Debug\link-cvtres.write.1.tlog
C:\Users\xiemengdi\Documents\Visual Studio 2010\Projects\input\input\Debug\mt.command.1.tlog
C:\Users\xiemengdi\Documents\Visual Studio 2010\Projects\input\input\Debug\mt.read.1.tlog
C:\Users\xiemengdi\Documents\Visual Studio 2010\Projects\input\input\Debug\mt.write.1.tlog
C:\USERS\XIEMENGDI\DOCUMENTS\VISUAL STUDIO 2010\PROJECTS\INPUT\INPUT\DEBUG\PAGEONE.OBJ
C:\Users\xiemengdi\Documents\Visual Studio 2010\Projects\input\input\Debug\rc.command.1.tlog
C:\Users\xiemengdi\Documents\Visual Studio 2010\Projects\input\input\Debug\rc.read.1.tlog
C:\Users\xiemengdi\Documents\Visual Studio 2010\Projects\input\input\Debug\rc.write.1.tlog
C:\USERS\XIEMENGDI\DOCUMENTS\VISUAL STUDIO 2010\PROJECTS\INPUT\INPUT\DEBUG\STDAFX.OBJ
C:\Users\xiemengdi\Documents\Visual Studio 2010\Projects\input\input\Debug\vc100.idb
C:\USERS\XIEMENGDI\DOCUMENTS\VISUAL STUDIO 2010\PROJECTS\INPUT\INPUT\DEBUG\VC100.PDB
