生成启动时间为 2019/11/14 12:01:36。
     1>项目“C:\Users\xiemengdi\Documents\Visual Studio 2010\Projects\input\input\input.vcxproj”在节点 2 上(build 个目标)。
     1>InitializeBuildStatus:
         正在创建“Debug\input.unsuccessfulbuild”，因为已指定“AlwaysCreate”。
       ClCompile:
         所有输出均为最新。
         c:\Program Files (x86)\Microsoft Visual Studio 10.0\VC\bin\CL.exe /c /ZI /nologo /W3 /WX- /Od /Oy- /D WIN32 /D _WINDOWS /D _DEBUG /D _UNICODE /D UNICODE /D _AFXDLL /Gm /EHsc /RTC1 /MDd /GS /fp:precise /Zc:wchar_t /Zc:forScope /Yu"StdAfx.h" /Fp"Debug\input.pch" /Fo"Debug\\" /Fd"Debug\vc100.pdb" /Gd /TP /analyze- /errorReport:prompt inputDlg.cpp
         inputDlg.cpp
     1>c:\users\xiemengdi\documents\visual studio 2010\projects\input\input\inputdlg.cpp(247): warning C4244: “参数”: 从“double”转换到“float”，可能丢失数据
     1>c:\users\xiemengdi\documents\visual studio 2010\projects\input\input\inputdlg.cpp(257): warning C4244: “参数”: 从“double”转换到“float”，可能丢失数据
     1>c:\users\xiemengdi\documents\visual studio 2010\projects\input\input\inputdlg.cpp(269): warning C4996: 'fopen': This function or variable may be unsafe. Consider using fopen_s instead. To disable deprecation, use _CRT_SECURE_NO_WARNINGS. See online help for details.
                 c:\program files (x86)\microsoft visual studio 10.0\vc\include\stdio.h(234) : 参见“fopen”的声明
     1>c:\users\xiemengdi\documents\visual studio 2010\projects\input\input\inputdlg.cpp(274): warning C4018: “<”: 有符号/无符号不匹配
     1>c:\users\xiemengdi\documents\visual studio 2010\projects\input\input\inputdlg.cpp(306): warning C4018: “<”: 有符号/无符号不匹配
     1>c:\users\xiemengdi\documents\visual studio 2010\projects\input\input\inputdlg.cpp(381): warning C4018: “<”: 有符号/无符号不匹配
     1>c:\users\xiemengdi\documents\visual studio 2010\projects\input\input\inputdlg.cpp(387): warning C4244: “参数”: 从“double”转换到“float”，可能丢失数据
     1>c:\users\xiemengdi\documents\visual studio 2010\projects\input\input\inputdlg.cpp(388): warning C4244: “参数”: 从“double”转换到“float”，可能丢失数据
     1>c:\users\xiemengdi\documents\visual studio 2010\projects\input\input\inputdlg.cpp(423): warning C4018: “<”: 有符号/无符号不匹配
     1>c:\users\xiemengdi\documents\visual studio 2010\projects\input\input\inputdlg.cpp(434): warning C4244: “参数”: 从“double”转换到“float”，可能丢失数据
     1>c:\users\xiemengdi\documents\visual studio 2010\projects\input\input\inputdlg.cpp(438): warning C4244: “参数”: 从“double”转换到“float”，可能丢失数据
     1>c:\users\xiemengdi\documents\visual studio 2010\projects\input\input\inputdlg.cpp(438): warning C4244: “参数”: 从“double”转换到“float”，可能丢失数据
     1>c:\users\xiemengdi\documents\visual studio 2010\projects\input\input\inputdlg.cpp(444): warning C4244: “=”: 从“double”转换到“float”，可能丢失数据
     1>c:\users\xiemengdi\documents\visual studio 2010\projects\input\input\inputdlg.cpp(445): warning C4244: “=”: 从“double”转换到“float”，可能丢失数据
     1>c:\users\xiemengdi\documents\visual studio 2010\projects\input\input\inputdlg.cpp(497): warning C4996: 'fopen': This function or variable may be unsafe. Consider using fopen_s instead. To disable deprecation, use _CRT_SECURE_NO_WARNINGS. See online help for details.
                 c:\program files (x86)\microsoft visual studio 10.0\vc\include\stdio.h(234) : 参见“fopen”的声明
     1>c:\users\xiemengdi\documents\visual studio 2010\projects\input\input\inputdlg.cpp(643): warning C4018: “<”: 有符号/无符号不匹配
       ResourceCompile:
         所有输出均为最新。
       ManifestResourceCompile:
         所有输出均为最新。
       Link:
         c:\Program Files (x86)\Microsoft Visual Studio 10.0\VC\bin\link.exe /ERRORREPORT:PROMPT /OUT:"C:\Users\xiemengdi\Documents\Visual Studio 2010\Projects\input\Debug\input.exe" /INCREMENTAL /NOLOGO /MANIFEST /ManifestFile:"Debug\input.exe.intermediate.manifest" /MANIFESTUAC:"level='asInvoker' uiAccess='false'" /DEBUG /PDB:"C:\Users\xiemengdi\Documents\Visual Studio 2010\Projects\input\Debug\input.pdb" /SUBSYSTEM:WINDOWS /TLBID:1 /ENTRY:"wWinMainCRTStartup" /DYNAMICBASE /NXCOMPAT /IMPLIB:"C:\Users\xiemengdi\Documents\Visual Studio 2010\Projects\input\Debug\input.lib" /MACHINE:X86 Debug\input.res
         Debug\input.exe.embed.manifest.res
         Debug\input.obj
         Debug\inputDlg.obj
         Debug\I_2U.obj
         Debug\PageOne.obj
         Debug\stdafx.obj
       Manifest:
         c:\Program Files (x86)\Microsoft SDKs\Windows\v7.0A\bin\mt.exe /nologo /verbose /out:"Debug\input.exe.embed.manifest" /manifest Debug\input.exe.intermediate.manifest "c:\Program Files (x86)\Microsoft Visual Studio 10.0\VC\Include\Manifest\dpiaware.manifest"
         所有输出均为最新。
       LinkEmbedManifest:
         所有输出均为最新。
         input.vcxproj -> C:\Users\xiemengdi\Documents\Visual Studio 2010\Projects\input\Debug\input.exe
       FinalizeBuildStatus:
         正在删除文件“Debug\input.unsuccessfulbuild”。
         正在对“Debug\input.lastbuildstate”执行 Touch 任务。
     1>已完成生成项目“C:\Users\xiemengdi\Documents\Visual Studio 2010\Projects\input\input\input.vcxproj”(build 个目标)的操作。

生成成功。

已用时间 00:00:04.55
